<?xml version="1.0" encoding="UTF-8"?>
<testsuite xmlns:xsi="http://www.w3.org/2001/XMLSchema-instance" xsi:noNamespaceSchemaLocation="https://maven.apache.org/surefire/maven-surefire-plugin/xsd/surefire-test-report-3.0.xsd" version="3.0" name="com.mycompany.movieticketbooking.MovieTest" time="0.082" tests="8" errors="0" skipped="0" failures="1">
  <properties>
[...]
</properties>
  <testcase name="testBookTickets" classname="com.mycompany.movieticketbooking.MovieTest" time="0.034">
    <system-out><![CDATA[
SUCCESS: Booked 5 tickets. Total: $335.00
]]></system-out>
  </testcase>
  <testcase name="testInvalidCancellation" classname="com.mycompany.movieticketbooking.MovieTest" time="0.0">
    <system-out><![CDATA[ERROR: Invalid amount.
]]></system-out>
  </testcase>
  <testcase name="testBookAllTickets" classname="com.mycompany.movieticketbooking.MovieTest" time="0.001">
    <system-out><![CDATA[
SUCCESS: Booked 67 tickets. Total: $4489.00
]]></system-out>
  </testcase>
  <testcase name="testInvalidBooking" classname="com.mycompany.movieticketbooking.MovieTest" time="0.002">
    <system-out><![CDATA[ERROR: Invalid amount or not enough seats.
]]></system-out>
  </testcase>
  <testcase name="testZeroBooking" classname="com.mycompany.movieticketbooking.MovieTest" time="0.0">
    <system-out><![CDATA[ERROR: Invalid amount or not enough seats.
]]></system-out>
  </testcase>
  <testcase name="testMovieConstructor" classname="com.mycompany.movieticketbooking.MovieTest" time="0.01">
    <failure message="expected: &lt;Spongebob&gt; but was: &lt;Nigger&gt;" type="org.opentest4j.AssertionFailedError"><![CDATA[org.opentest4j.AssertionFailedError: expected: <Spongebob> but was: <Nigger>
	at org.junit.jupiter.api.AssertionFailureBuilder.build(AssertionFailureBuilder.java:151)
	at org.junit.jupiter.api.AssertionFailureBuilder.buildAndThrow(AssertionFailureBuilder.java:132)
	at org.junit.jupiter.api.AssertEquals.failNotEqual(AssertEquals.java:197)
	at org.junit.jupiter.api.AssertEquals.assertEquals(AssertEquals.java:182)
	at org.junit.jupiter.api.AssertEquals.assertEquals(AssertEquals.java:177)
	at org.junit.jupiter.api.Assertions.assertEquals(Assertions.java:1145)
	at com.mycompany.movieticketbooking.MovieTest.testMovieConstructor(MovieTest.java:20)
	at java.base/java.lang.reflect.Method.invoke(Method.java:565)
	at java.base/java.util.ArrayList.forEach(ArrayList.java:1604)
	at java.base/java.util.ArrayList.forEach(ArrayList.java:1604)
]]></failure>
  </testcase>
  <testcase name="testInvalidPrice" classname="com.mycompany.movieticketbooking.MovieTest" time="0.001">
    <system-out><![CDATA[ERROR: Invalid price format. Setting price to 0.
]]></system-out>
  </testcase>
  <testcase name="testCancelTickets" classname="com.mycompany.movieticketbooking.MovieTest" time="0.003">
    <system-out><![CDATA[
SUCCESS: Booked 10 tickets. Total: $670.00
SUCCESS: Cancelled 5 tickets for Spongebob
]]></system-out>
  </testcase>
</testsuite>